<?xml version="1.0" encoding="UTF-8"?>
<testsuite name="com.employeeProfile.steps.RunnerTest" tests="0" skipped="0" failures="0" errors="0" timestamp="1970-01-01T00:00:00" hostname="NisumUsers-MacBook-Pro-8.local" time="0.0">
  <properties/>
  <system-out><![CDATA[Feature: Validate file upload
Test 'When' step.
Test 'Then' step.

  Scenario: Upload data file                     ?[90m# fileUpload.feature:3?[0m
    ?[32mGiven ?[0m?[32mNavigate to employee profile home page?[0m ?[90m# fileUploadStep.navigates_to_employee_profile_home_page()?[0m
    ?[32mWhen ?[0m?[32mUser select employee data?[0m               ?[90m# fileUploadStep.select_employee_data()?[0m
    ?[32mThen ?[0m?[32mClick on upload button?[0m                  ?[90m# fileUploadStep.click_on_upload_button()?[0m

1 Scenarios (?[32m1 passed?[0m)
3 Steps (?[32m3 passed?[0m)
0m0.066s

]]></system-out>
  <system-err><![CDATA[]]></system-err>
</testsuite>
